C:\USERS\GIBRAN OJEDA\SOURCE\REPOS\PF_GRAFICACION_GIBYLEO\PF_GRAFICACION_GIBYLEO\DEBUG\LABERINTO.OBJ
C:\USERS\GIBRAN OJEDA\SOURCE\REPOS\PF_GRAFICACION_GIBYLEO\PF_GRAFICACION_GIBYLEO\DEBUG\VC110.PDB
C:\USERS\GIBRAN OJEDA\SOURCE\REPOS\PF_GRAFICACION_GIBYLEO\PF_GRAFICACION_GIBYLEO\DEBUG\IMAGELOADER.OBJ
C:\USERS\GIBRAN OJEDA\SOURCE\REPOS\PF_GRAFICACION_GIBYLEO\PF_GRAFICACION_GIBYLEO\DEBUG\STDAFX.OBJ
C:\USERS\GIBRAN OJEDA\SOURCE\REPOS\PF_GRAFICACION_GIBYLEO\DEBUG\PF_GRAFICACION_GIBYLEO.ILK
C:\USERS\GIBRAN OJEDA\SOURCE\REPOS\PF_GRAFICACION_GIBYLEO\DEBUG\PF_GRAFICACION_GIBYLEO.EXE
C:\Users\Gibran Ojeda\source\repos\PF_Graficacion_GibyLeo\PF_Graficacion_GibyLeo\Debug\ImageLoader.obj
C:\Users\Gibran Ojeda\source\repos\PF_Graficacion_GibyLeo\PF_Graficacion_GibyLeo\Debug\Laberinto.obj
C:\Users\Gibran Ojeda\source\repos\PF_Graficacion_GibyLeo\PF_Graficacion_GibyLeo\Debug\stdafx.obj
C:\Users\Gibran Ojeda\source\repos\PF_Graficacion_GibyLeo\PF_Graficacion_GibyLeo\Debug\cl.command.1.tlog
C:\Users\Gibran Ojeda\source\repos\PF_Graficacion_GibyLeo\PF_Graficacion_GibyLeo\Debug\CL.read.1.tlog
C:\Users\Gibran Ojeda\source\repos\PF_Graficacion_GibyLeo\PF_Graficacion_GibyLeo\Debug\CL.write.1.tlog
C:\Users\Gibran Ojeda\source\repos\PF_Graficacion_GibyLeo\PF_Graficacion_GibyLeo\Debug\link-cvtres.read.1.tlog
C:\Users\Gibran Ojeda\source\repos\PF_Graficacion_GibyLeo\PF_Graficacion_GibyLeo\Debug\link-cvtres.write.1.tlog
C:\Users\Gibran Ojeda\source\repos\PF_Graficacion_GibyLeo\PF_Graficacion_GibyLeo\Debug\link-rc.read.1.tlog
C:\Users\Gibran Ojeda\source\repos\PF_Graficacion_GibyLeo\PF_Graficacion_GibyLeo\Debug\link-rc.write.1.tlog
C:\Users\Gibran Ojeda\source\repos\PF_Graficacion_GibyLeo\PF_Graficacion_GibyLeo\Debug\link.1288-cvtres.read.1.tlog
C:\Users\Gibran Ojeda\source\repos\PF_Graficacion_GibyLeo\PF_Graficacion_GibyLeo\Debug\link.1288-cvtres.write.1.tlog
C:\Users\Gibran Ojeda\source\repos\PF_Graficacion_GibyLeo\PF_Graficacion_GibyLeo\Debug\link.1288-rc.read.1.tlog
C:\Users\Gibran Ojeda\source\repos\PF_Graficacion_GibyLeo\PF_Graficacion_GibyLeo\Debug\link.1288-rc.write.1.tlog
C:\Users\Gibran Ojeda\source\repos\PF_Graficacion_GibyLeo\PF_Graficacion_GibyLeo\Debug\link.1288.read.1.tlog
C:\Users\Gibran Ojeda\source\repos\PF_Graficacion_GibyLeo\PF_Graficacion_GibyLeo\Debug\link.1288.write.1.tlog
C:\Users\Gibran Ojeda\source\repos\PF_Graficacion_GibyLeo\PF_Graficacion_GibyLeo\Debug\link.13424-cvtres.read.1.tlog
C:\Users\Gibran Ojeda\source\repos\PF_Graficacion_GibyLeo\PF_Graficacion_GibyLeo\Debug\link.13424-cvtres.write.1.tlog
C:\Users\Gibran Ojeda\source\repos\PF_Graficacion_GibyLeo\PF_Graficacion_GibyLeo\Debug\link.13424-rc.read.1.tlog
C:\Users\Gibran Ojeda\source\repos\PF_Graficacion_GibyLeo\PF_Graficacion_GibyLeo\Debug\link.13424-rc.write.1.tlog
C:\Users\Gibran Ojeda\source\repos\PF_Graficacion_GibyLeo\PF_Graficacion_GibyLeo\Debug\link.13424.read.1.tlog
C:\Users\Gibran Ojeda\source\repos\PF_Graficacion_GibyLeo\PF_Graficacion_GibyLeo\Debug\link.13424.write.1.tlog
C:\Users\Gibran Ojeda\source\repos\PF_Graficacion_GibyLeo\PF_Graficacion_GibyLeo\Debug\link.15648-cvtres.read.1.tlog
C:\Users\Gibran Ojeda\source\repos\PF_Graficacion_GibyLeo\PF_Graficacion_GibyLeo\Debug\link.15648-cvtres.write.1.tlog
C:\Users\Gibran Ojeda\source\repos\PF_Graficacion_GibyLeo\PF_Graficacion_GibyLeo\Debug\link.15648-rc.read.1.tlog
C:\Users\Gibran Ojeda\source\repos\PF_Graficacion_GibyLeo\PF_Graficacion_GibyLeo\Debug\link.15648-rc.write.1.tlog
C:\Users\Gibran Ojeda\source\repos\PF_Graficacion_GibyLeo\PF_Graficacion_GibyLeo\Debug\link.15648.read.1.tlog
C:\Users\Gibran Ojeda\source\repos\PF_Graficacion_GibyLeo\PF_Graficacion_GibyLeo\Debug\link.15648.write.1.tlog
C:\Users\Gibran Ojeda\source\repos\PF_Graficacion_GibyLeo\PF_Graficacion_GibyLeo\Debug\link.16728-cvtres.read.1.tlog
C:\Users\Gibran Ojeda\source\repos\PF_Graficacion_GibyLeo\PF_Graficacion_GibyLeo\Debug\link.16728-cvtres.write.1.tlog
C:\Users\Gibran Ojeda\source\repos\PF_Graficacion_GibyLeo\PF_Graficacion_GibyLeo\Debug\link.16728-rc.read.1.tlog
C:\Users\Gibran Ojeda\source\repos\PF_Graficacion_GibyLeo\PF_Graficacion_GibyLeo\Debug\link.16728-rc.write.1.tlog
C:\Users\Gibran Ojeda\source\repos\PF_Graficacion_GibyLeo\PF_Graficacion_GibyLeo\Debug\link.16728.read.1.tlog
C:\Users\Gibran Ojeda\source\repos\PF_Graficacion_GibyLeo\PF_Graficacion_GibyLeo\Debug\link.16728.write.1.tlog
C:\Users\Gibran Ojeda\source\repos\PF_Graficacion_GibyLeo\PF_Graficacion_GibyLeo\Debug\link.17068-cvtres.read.1.tlog
C:\Users\Gibran Ojeda\source\repos\PF_Graficacion_GibyLeo\PF_Graficacion_GibyLeo\Debug\link.17068-cvtres.write.1.tlog
C:\Users\Gibran Ojeda\source\repos\PF_Graficacion_GibyLeo\PF_Graficacion_GibyLeo\Debug\link.17068-rc.read.1.tlog
C:\Users\Gibran Ojeda\source\repos\PF_Graficacion_GibyLeo\PF_Graficacion_GibyLeo\Debug\link.17068-rc.write.1.tlog
C:\Users\Gibran Ojeda\source\repos\PF_Graficacion_GibyLeo\PF_Graficacion_GibyLeo\Debug\link.17068.read.1.tlog
C:\Users\Gibran Ojeda\source\repos\PF_Graficacion_GibyLeo\PF_Graficacion_GibyLeo\Debug\link.17068.write.1.tlog
C:\Users\Gibran Ojeda\source\repos\PF_Graficacion_GibyLeo\PF_Graficacion_GibyLeo\Debug\link.17372-cvtres.read.1.tlog
C:\Users\Gibran Ojeda\source\repos\PF_Graficacion_GibyLeo\PF_Graficacion_GibyLeo\Debug\link.17372-cvtres.write.1.tlog
C:\Users\Gibran Ojeda\source\repos\PF_Graficacion_GibyLeo\PF_Graficacion_GibyLeo\Debug\link.17372-rc.read.1.tlog
C:\Users\Gibran Ojeda\source\repos\PF_Graficacion_GibyLeo\PF_Graficacion_GibyLeo\Debug\link.17372-rc.write.1.tlog
C:\Users\Gibran Ojeda\source\repos\PF_Graficacion_GibyLeo\PF_Graficacion_GibyLeo\Debug\link.17372.read.1.tlog
C:\Users\Gibran Ojeda\source\repos\PF_Graficacion_GibyLeo\PF_Graficacion_GibyLeo\Debug\link.17372.write.1.tlog
C:\Users\Gibran Ojeda\source\repos\PF_Graficacion_GibyLeo\PF_Graficacion_GibyLeo\Debug\link.2108-cvtres.read.1.tlog
C:\Users\Gibran Ojeda\source\repos\PF_Graficacion_GibyLeo\PF_Graficacion_GibyLeo\Debug\link.2108-cvtres.write.1.tlog
C:\Users\Gibran Ojeda\source\repos\PF_Graficacion_GibyLeo\PF_Graficacion_GibyLeo\Debug\link.2108-rc.read.1.tlog
C:\Users\Gibran Ojeda\source\repos\PF_Graficacion_GibyLeo\PF_Graficacion_GibyLeo\Debug\link.2108-rc.write.1.tlog
C:\Users\Gibran Ojeda\source\repos\PF_Graficacion_GibyLeo\PF_Graficacion_GibyLeo\Debug\link.2108.read.1.tlog
C:\Users\Gibran Ojeda\source\repos\PF_Graficacion_GibyLeo\PF_Graficacion_GibyLeo\Debug\link.2108.write.1.tlog
C:\Users\Gibran Ojeda\source\repos\PF_Graficacion_GibyLeo\PF_Graficacion_GibyLeo\Debug\link.228-cvtres.read.1.tlog
C:\Users\Gibran Ojeda\source\repos\PF_Graficacion_GibyLeo\PF_Graficacion_GibyLeo\Debug\link.228-cvtres.write.1.tlog
C:\Users\Gibran Ojeda\source\repos\PF_Graficacion_GibyLeo\PF_Graficacion_GibyLeo\Debug\link.228-rc.read.1.tlog
C:\Users\Gibran Ojeda\source\repos\PF_Graficacion_GibyLeo\PF_Graficacion_GibyLeo\Debug\link.228-rc.write.1.tlog
C:\Users\Gibran Ojeda\source\repos\PF_Graficacion_GibyLeo\PF_Graficacion_GibyLeo\Debug\link.228.read.1.tlog
C:\Users\Gibran Ojeda\source\repos\PF_Graficacion_GibyLeo\PF_Graficacion_GibyLeo\Debug\link.228.write.1.tlog
C:\Users\Gibran Ojeda\source\repos\PF_Graficacion_GibyLeo\PF_Graficacion_GibyLeo\Debug\link.2624-cvtres.read.1.tlog
C:\Users\Gibran Ojeda\source\repos\PF_Graficacion_GibyLeo\PF_Graficacion_GibyLeo\Debug\link.2624-cvtres.write.1.tlog
C:\Users\Gibran Ojeda\source\repos\PF_Graficacion_GibyLeo\PF_Graficacion_GibyLeo\Debug\link.2624-rc.read.1.tlog
C:\Users\Gibran Ojeda\source\repos\PF_Graficacion_GibyLeo\PF_Graficacion_GibyLeo\Debug\link.2624-rc.write.1.tlog
C:\Users\Gibran Ojeda\source\repos\PF_Graficacion_GibyLeo\PF_Graficacion_GibyLeo\Debug\link.2624.read.1.tlog
C:\Users\Gibran Ojeda\source\repos\PF_Graficacion_GibyLeo\PF_Graficacion_GibyLeo\Debug\link.2624.write.1.tlog
C:\Users\Gibran Ojeda\source\repos\PF_Graficacion_GibyLeo\PF_Graficacion_GibyLeo\Debug\link.3692-cvtres.read.1.tlog
C:\Users\Gibran Ojeda\source\repos\PF_Graficacion_GibyLeo\PF_Graficacion_GibyLeo\Debug\link.3692-cvtres.write.1.tlog
C:\Users\Gibran Ojeda\source\repos\PF_Graficacion_GibyLeo\PF_Graficacion_GibyLeo\Debug\link.3692-rc.read.1.tlog
C:\Users\Gibran Ojeda\source\repos\PF_Graficacion_GibyLeo\PF_Graficacion_GibyLeo\Debug\link.3692-rc.write.1.tlog
C:\Users\Gibran Ojeda\source\repos\PF_Graficacion_GibyLeo\PF_Graficacion_GibyLeo\Debug\link.3692.read.1.tlog
C:\Users\Gibran Ojeda\source\repos\PF_Graficacion_GibyLeo\PF_Graficacion_GibyLeo\Debug\link.3692.write.1.tlog
C:\Users\Gibran Ojeda\source\repos\PF_Graficacion_GibyLeo\PF_Graficacion_GibyLeo\Debug\link.4216-cvtres.read.1.tlog
C:\Users\Gibran Ojeda\source\repos\PF_Graficacion_GibyLeo\PF_Graficacion_GibyLeo\Debug\link.4216-cvtres.write.1.tlog
C:\Users\Gibran Ojeda\source\repos\PF_Graficacion_GibyLeo\PF_Graficacion_GibyLeo\Debug\link.4216-rc.read.1.tlog
C:\Users\Gibran Ojeda\source\repos\PF_Graficacion_GibyLeo\PF_Graficacion_GibyLeo\Debug\link.4216-rc.write.1.tlog
C:\Users\Gibran Ojeda\source\repos\PF_Graficacion_GibyLeo\PF_Graficacion_GibyLeo\Debug\link.4216.read.1.tlog
C:\Users\Gibran Ojeda\source\repos\PF_Graficacion_GibyLeo\PF_Graficacion_GibyLeo\Debug\link.4216.write.1.tlog
C:\Users\Gibran Ojeda\source\repos\PF_Graficacion_GibyLeo\PF_Graficacion_GibyLeo\Debug\link.4588-cvtres.read.1.tlog
C:\Users\Gibran Ojeda\source\repos\PF_Graficacion_GibyLeo\PF_Graficacion_GibyLeo\Debug\link.4588-cvtres.write.1.tlog
C:\Users\Gibran Ojeda\source\repos\PF_Graficacion_GibyLeo\PF_Graficacion_GibyLeo\Debug\link.4588-rc.read.1.tlog
C:\Users\Gibran Ojeda\source\repos\PF_Graficacion_GibyLeo\PF_Graficacion_GibyLeo\Debug\link.4588-rc.write.1.tlog
C:\Users\Gibran Ojeda\source\repos\PF_Graficacion_GibyLeo\PF_Graficacion_GibyLeo\Debug\link.4588.read.1.tlog
C:\Users\Gibran Ojeda\source\repos\PF_Graficacion_GibyLeo\PF_Graficacion_GibyLeo\Debug\link.4588.write.1.tlog
C:\Users\Gibran Ojeda\source\repos\PF_Graficacion_GibyLeo\PF_Graficacion_GibyLeo\Debug\link.4984-cvtres.read.1.tlog
C:\Users\Gibran Ojeda\source\repos\PF_Graficacion_GibyLeo\PF_Graficacion_GibyLeo\Debug\link.4984-cvtres.write.1.tlog
C:\Users\Gibran Ojeda\source\repos\PF_Graficacion_GibyLeo\PF_Graficacion_GibyLeo\Debug\link.4984-rc.read.1.tlog
C:\Users\Gibran Ojeda\source\repos\PF_Graficacion_GibyLeo\PF_Graficacion_GibyLeo\Debug\link.4984-rc.write.1.tlog
C:\Users\Gibran Ojeda\source\repos\PF_Graficacion_GibyLeo\PF_Graficacion_GibyLeo\Debug\link.4984.read.1.tlog
C:\Users\Gibran Ojeda\source\repos\PF_Graficacion_GibyLeo\PF_Graficacion_GibyLeo\Debug\link.4984.write.1.tlog
C:\Users\Gibran Ojeda\source\repos\PF_Graficacion_GibyLeo\PF_Graficacion_GibyLeo\Debug\link.6384-cvtres.read.1.tlog
C:\Users\Gibran Ojeda\source\repos\PF_Graficacion_GibyLeo\PF_Graficacion_GibyLeo\Debug\link.6384-cvtres.write.1.tlog
C:\Users\Gibran Ojeda\source\repos\PF_Graficacion_GibyLeo\PF_Graficacion_GibyLeo\Debug\link.6384-rc.read.1.tlog
C:\Users\Gibran Ojeda\source\repos\PF_Graficacion_GibyLeo\PF_Graficacion_GibyLeo\Debug\link.6384-rc.write.1.tlog
C:\Users\Gibran Ojeda\source\repos\PF_Graficacion_GibyLeo\PF_Graficacion_GibyLeo\Debug\link.6384.read.1.tlog
C:\Users\Gibran Ojeda\source\repos\PF_Graficacion_GibyLeo\PF_Graficacion_GibyLeo\Debug\link.6384.write.1.tlog
C:\Users\Gibran Ojeda\source\repos\PF_Graficacion_GibyLeo\PF_Graficacion_GibyLeo\Debug\link.6648-cvtres.read.1.tlog
C:\Users\Gibran Ojeda\source\repos\PF_Graficacion_GibyLeo\PF_Graficacion_GibyLeo\Debug\link.6648-cvtres.write.1.tlog
C:\Users\Gibran Ojeda\source\repos\PF_Graficacion_GibyLeo\PF_Graficacion_GibyLeo\Debug\link.6648-rc.read.1.tlog
C:\Users\Gibran Ojeda\source\repos\PF_Graficacion_GibyLeo\PF_Graficacion_GibyLeo\Debug\link.6648-rc.write.1.tlog
C:\Users\Gibran Ojeda\source\repos\PF_Graficacion_GibyLeo\PF_Graficacion_GibyLeo\Debug\link.6648.read.1.tlog
C:\Users\Gibran Ojeda\source\repos\PF_Graficacion_GibyLeo\PF_Graficacion_GibyLeo\Debug\link.6648.write.1.tlog
C:\Users\Gibran Ojeda\source\repos\PF_Graficacion_GibyLeo\PF_Graficacion_GibyLeo\Debug\link.7408-cvtres.read.1.tlog
C:\Users\Gibran Ojeda\source\repos\PF_Graficacion_GibyLeo\PF_Graficacion_GibyLeo\Debug\link.7408-cvtres.write.1.tlog
C:\Users\Gibran Ojeda\source\repos\PF_Graficacion_GibyLeo\PF_Graficacion_GibyLeo\Debug\link.7408-rc.read.1.tlog
C:\Users\Gibran Ojeda\source\repos\PF_Graficacion_GibyLeo\PF_Graficacion_GibyLeo\Debug\link.7408-rc.write.1.tlog
C:\Users\Gibran Ojeda\source\repos\PF_Graficacion_GibyLeo\PF_Graficacion_GibyLeo\Debug\link.7408.read.1.tlog
C:\Users\Gibran Ojeda\source\repos\PF_Graficacion_GibyLeo\PF_Graficacion_GibyLeo\Debug\link.7408.write.1.tlog
C:\Users\Gibran Ojeda\source\repos\PF_Graficacion_GibyLeo\PF_Graficacion_GibyLeo\Debug\link.8808-cvtres.read.1.tlog
C:\Users\Gibran Ojeda\source\repos\PF_Graficacion_GibyLeo\PF_Graficacion_GibyLeo\Debug\link.8808-cvtres.write.1.tlog
C:\Users\Gibran Ojeda\source\repos\PF_Graficacion_GibyLeo\PF_Graficacion_GibyLeo\Debug\link.8808-rc.read.1.tlog
C:\Users\Gibran Ojeda\source\repos\PF_Graficacion_GibyLeo\PF_Graficacion_GibyLeo\Debug\link.8808-rc.write.1.tlog
C:\Users\Gibran Ojeda\source\repos\PF_Graficacion_GibyLeo\PF_Graficacion_GibyLeo\Debug\link.8808.read.1.tlog
C:\Users\Gibran Ojeda\source\repos\PF_Graficacion_GibyLeo\PF_Graficacion_GibyLeo\Debug\link.8808.write.1.tlog
C:\Users\Gibran Ojeda\source\repos\PF_Graficacion_GibyLeo\PF_Graficacion_GibyLeo\Debug\link.8916-cvtres.read.1.tlog
C:\Users\Gibran Ojeda\source\repos\PF_Graficacion_GibyLeo\PF_Graficacion_GibyLeo\Debug\link.8916-cvtres.write.1.tlog
C:\Users\Gibran Ojeda\source\repos\PF_Graficacion_GibyLeo\PF_Graficacion_GibyLeo\Debug\link.8916-rc.read.1.tlog
C:\Users\Gibran Ojeda\source\repos\PF_Graficacion_GibyLeo\PF_Graficacion_GibyLeo\Debug\link.8916-rc.write.1.tlog
C:\Users\Gibran Ojeda\source\repos\PF_Graficacion_GibyLeo\PF_Graficacion_GibyLeo\Debug\link.8916.read.1.tlog
C:\Users\Gibran Ojeda\source\repos\PF_Graficacion_GibyLeo\PF_Graficacion_GibyLeo\Debug\link.8916.write.1.tlog
C:\Users\Gibran Ojeda\source\repos\PF_Graficacion_GibyLeo\PF_Graficacion_GibyLeo\Debug\link.command.1.tlog
C:\Users\Gibran Ojeda\source\repos\PF_Graficacion_GibyLeo\PF_Graficacion_GibyLeo\Debug\link.read.1.tlog
C:\Users\Gibran Ojeda\source\repos\PF_Graficacion_GibyLeo\PF_Graficacion_GibyLeo\Debug\link.write.1.tlog
C:\Users\Gibran Ojeda\source\repos\PF_Graficacion_GibyLeo\PF_Graficacion_GibyLeo\Debug\vc110.idb
C:\Users\Gibran Ojeda\source\repos\PF_Graficacion_GibyLeo\PF_Graficacion_GibyLeo\Debug\vc110.pdb
C:\Users\Gibran Ojeda\source\repos\PF_Graficacion_GibyLeo\Debug\PF_Graficacion_GibyLeo.exe
C:\Users\Gibran Ojeda\source\repos\PF_Graficacion_GibyLeo\Debug\PF_Graficacion_GibyLeo.ilk
