C:\USERS\GIBRAN OJEDA\SOURCE\REPOS\PF_GRAFICACION_GIBYLEO\PF_GRAFICACION_GIBYLEO\RELEASE\STDAFX.OBJ
C:\USERS\GIBRAN OJEDA\SOURCE\REPOS\PF_GRAFICACION_GIBYLEO\PF_GRAFICACION_GIBYLEO\RELEASE\LABERINTO.OBJ
C:\USERS\GIBRAN OJEDA\SOURCE\REPOS\PF_GRAFICACION_GIBYLEO\PF_GRAFICACION_GIBYLEO\RELEASE\IMAGELOADER.OBJ
C:\USERS\GIBRAN OJEDA\SOURCE\REPOS\PF_GRAFICACION_GIBYLEO\PF_GRAFICACION_GIBYLEO\RELEASE\VC110.PDB
C:\USERS\GIBRAN OJEDA\SOURCE\REPOS\PF_GRAFICACION_GIBYLEO\RELEASE\PF_GRAFICACION_GIBYLEO.EXE
C:\Users\Gibran Ojeda\source\repos\PF_Graficacion_GibyLeo\PF_Graficacion_GibyLeo\Release\ImageLoader.obj
C:\Users\Gibran Ojeda\source\repos\PF_Graficacion_GibyLeo\PF_Graficacion_GibyLeo\Release\Laberinto.obj
C:\Users\Gibran Ojeda\source\repos\PF_Graficacion_GibyLeo\PF_Graficacion_GibyLeo\Release\stdafx.obj
C:\Users\Gibran Ojeda\source\repos\PF_Graficacion_GibyLeo\PF_Graficacion_GibyLeo\Release\cl.command.1.tlog
C:\Users\Gibran Ojeda\source\repos\PF_Graficacion_GibyLeo\PF_Graficacion_GibyLeo\Release\CL.read.1.tlog
C:\Users\Gibran Ojeda\source\repos\PF_Graficacion_GibyLeo\PF_Graficacion_GibyLeo\Release\CL.write.1.tlog
C:\Users\Gibran Ojeda\source\repos\PF_Graficacion_GibyLeo\PF_Graficacion_GibyLeo\Release\link-cvtres.read.1.tlog
C:\Users\Gibran Ojeda\source\repos\PF_Graficacion_GibyLeo\PF_Graficacion_GibyLeo\Release\link-cvtres.write.1.tlog
C:\Users\Gibran Ojeda\source\repos\PF_Graficacion_GibyLeo\PF_Graficacion_GibyLeo\Release\link-rc.read.1.tlog
C:\Users\Gibran Ojeda\source\repos\PF_Graficacion_GibyLeo\PF_Graficacion_GibyLeo\Release\link-rc.write.1.tlog
C:\Users\Gibran Ojeda\source\repos\PF_Graficacion_GibyLeo\PF_Graficacion_GibyLeo\Release\link.command.1.tlog
C:\Users\Gibran Ojeda\source\repos\PF_Graficacion_GibyLeo\PF_Graficacion_GibyLeo\Release\link.read.1.tlog
C:\Users\Gibran Ojeda\source\repos\PF_Graficacion_GibyLeo\PF_Graficacion_GibyLeo\Release\link.write.1.tlog
C:\Users\Gibran Ojeda\source\repos\PF_Graficacion_GibyLeo\PF_Graficacion_GibyLeo\Release\vc110.pdb
C:\Users\Gibran Ojeda\source\repos\PF_Graficacion_GibyLeo\Release\PF_Graficacion_GibyLeo.exe
